<?xml version="1.0" encoding="UTF-8"?>
<testng-results ignored="0" total="1" passed="1" failed="0" skipped="0">
  <reporter-output>
  </reporter-output>
  <suite started-at="2018-01-08T23:08:48Z" name="Test Suite" finished-at="2018-01-08T23:09:09Z" duration-ms="20675">
    <groups>
    </groups>
    <test started-at="2018-01-08T23:08:48Z" name="Research Count" finished-at="2018-01-08T23:09:09Z" duration-ms="20675">
      <class name="pkg.src.ResearchCount">
        <test-method is-config="true" signature="setUp()[pri:0, instance:pkg.src.ResearchCount@581ac8a8]" started-at="2018-01-08T18:08:48Z" name="setUp" finished-at="2018-01-08T18:08:54Z" duration-ms="5671" status="PASS">
          <reporter-output>
          </reporter-output>
        </test-method> <!-- setUp -->
        <test-method signature="searchTest()[pri:0, instance:pkg.src.ResearchCount@581ac8a8]" started-at="2018-01-08T18:08:54Z" name="searchTest" finished-at="2018-01-08T18:09:08Z" duration-ms="14249" status="PASS">
          <reporter-output>
          </reporter-output>
        </test-method> <!-- searchTest -->
        <test-method is-config="true" signature="tearDown()[pri:0, instance:pkg.src.ResearchCount@581ac8a8]" started-at="2018-01-08T18:09:08Z" name="tearDown" finished-at="2018-01-08T18:09:09Z" duration-ms="707" status="PASS">
          <reporter-output>
          </reporter-output>
        </test-method> <!-- tearDown -->
      </class> <!-- pkg.src.ResearchCount -->
    </test> <!-- Research Count -->
  </suite> <!-- Test Suite -->
</testng-results>
